PROYECTOFINALANDROID/app/build/intermediates/manifest_merge_blame_file/debug/manifest-merger-blame-debug-report.txt
1<?xml version="1.0" encoding="utf-8"?>
2<manifest xmlns:android="http://schemas.android.com/apk/res/android"
3    package="com.example.registroautor"
4    android:versionCode="1"
5    android:versionName="1.0" >
6
7    <uses-sdk
8        android:minSdkVersion="21"
8-->src\main\AndroidManifest.xml
9        android:targetSdkVersion="29" />
9-->src\main\AndroidManifest.xml
10
11    <uses-permission android:name="android.permission.INTERNET" />
11-->src\main\AndroidManifest.xml:33:5-67
11-->src\main\AndroidManifest.xml:33:22-64
12    <uses-permission android:name="android.permission.ACCESS_WIFI_STATE" />
12-->src\main\AndroidManifest.xml:34:5-75
12-->src\main\AndroidManifest.xml:34:22-73
13    <uses-permission android:name="android.permission.ACCESS_NETWORK_STATE" />
13-->src\main\AndroidManifest.xml:35:5-78
13-->src\main\AndroidManifest.xml:35:22-76
14
15    <application
15-->src\main\AndroidManifest.xml:5:5-31:19
16        android:allowBackup="true"
16-->src\main\AndroidManifest.xml:6:9-35
17        android:appComponentFactory="androidx.core.app.CoreComponentFactory"
17-->[androidx.core:core:1.1.0] AndroidManifest.xml:24:18-86
18        android:debuggable="true"
19        android:icon="@mipmap/ic_launcher"
19-->src\main\AndroidManifest.xml:7:9-43
20        android:label="@string/app_name"
20-->src\main\AndroidManifest.xml:8:9-41
21        android:roundIcon="@mipmap/ic_launcher_round"
21-->src\main\AndroidManifest.xml:9:9-54
22        android:supportsRtl="true"
22-->src\main\AndroidManifest.xml:10:9-35
23        android:theme="@style/AppTheme" >
23-->src\main\AndroidManifest.xml:11:9-40
24        <activity android:name="com.example.registroautor.RegistrarHimnario" />
24-->src\main\AndroidManifest.xml:12:9-64
24-->src\main\AndroidManifest.xml:12:19-52
25        <activity android:name="com.example.registroautor.demo" />
25-->src\main\AndroidManifest.xml:13:9-42
25-->src\main\AndroidManifest.xml:13:19-39
26        <activity
26-->src\main\AndroidManifest.xml:14:9-17:59
27            android:name="com.example.registroautor.Vistaprincipal"
27-->src\main\AndroidManifest.xml:15:13-43
28            android:label="@string/title_activity_vistaprincipal"
28-->src\main\AndroidManifest.xml:16:13-66
29            android:theme="@style/AppTheme.NoActionBar" />
29-->src\main\AndroidManifest.xml:17:13-56
30        <activity
30-->src\main\AndroidManifest.xml:18:9-26:20
31            android:name="com.example.registroautor.splas_activity"
31-->src\main\AndroidManifest.xml:19:13-43
32            android:theme="@style/AppTheme.NoActionBar" >
32-->src\main\AndroidManifest.xml:20:13-56
33            <intent-filter>
33-->src\main\AndroidManifest.xml:21:13-25:29
34                <action android:name="android.intent.action.MAIN" />
34-->src\main\AndroidManifest.xml:22:17-69
34-->src\main\AndroidManifest.xml:22:25-66
35
36                <category android:name="android.intent.category.LAUNCHER" />
36-->src\main\AndroidManifest.xml:24:17-77
36-->src\main\AndroidManifest.xml:24:27-74
37            </intent-filter>
38        </activity>
39        <activity
39-->src\main\AndroidManifest.xml:27:9-30:59
40            android:name="com.example.registroautor.MainActivity"
40-->src\main\AndroidManifest.xml:28:13-41
41            android:label="@string/app_name"
41-->src\main\AndroidManifest.xml:29:13-45
42            android:theme="@style/AppTheme.NoActionBar" />
42-->src\main\AndroidManifest.xml:30:13-56
43    </application>
44
45</manifest>